<?xml version="1.0" encoding="UTF-8"?>
<testng-results ignored="0" total="3" passed="3" failed="0" skipped="0">
  <reporter-output>
  </reporter-output>
  <suite started-at="2022-12-19T17:21:52 IST" name="Suite" finished-at="2022-12-19T17:21:52 IST" duration-ms="86">
    <groups>
    </groups>
    <test started-at="2022-12-19T17:21:52 IST" name="Test" finished-at="2022-12-19T17:21:52 IST" duration-ms="86">
      <class name="com.test.CodeTest">
        <test-method signature="launch()[pri:0, instance:com.test.CodeTest@7671cb68]" started-at="2022-12-19T17:21:52 IST" name="launch" finished-at="2022-12-19T17:21:52 IST" duration-ms="13" status="PASS">
          <reporter-output>
          </reporter-output>
        </test-method> <!-- launch -->
        <test-method signature="test1()[pri:0, instance:com.test.CodeTest@7671cb68]" started-at="2022-12-19T17:21:52 IST" name="test1" finished-at="2022-12-19T17:21:52 IST" duration-ms="2" status="PASS">
          <reporter-output>
          </reporter-output>
        </test-method> <!-- test1 -->
        <test-method signature="test2()[pri:0, instance:com.test.CodeTest@7671cb68]" started-at="2022-12-19T17:21:52 IST" name="test2" finished-at="2022-12-19T17:21:52 IST" duration-ms="1" status="PASS">
          <reporter-output>
          </reporter-output>
        </test-method> <!-- test2 -->
      </class> <!-- com.test.CodeTest -->
    </test> <!-- Test -->
  </suite> <!-- Suite -->
</testng-results>
